STEP to UG
! INFO-     NX STEP AP214 - V12.0
! INFO-      
! INFO-     Start of Translation: 30-JUN-2020  1:09:08 AM
! INFO-      
! STATUS-   Converting Part: C:\Users\david\OneDrive\Documents\MSG\Ballooooon\Hardware1.0\Batteries\Bateria 18650 3.7 V 1300 mAh d.18 mm.STEP
! SUMMARY-   
! SUMMARY-    STEP Header Information
! SUMMARY-   
! SUMMARY-  Description      STEP AP214
! SUMMARY-  Imp_Level        1
! SUMMARY-  File_Name        Bateria 18650 3.7 V 1300 mAh d.18 mm.STEP
! SUMMARY-  Date             2019-09-16T20:34:09
! SUMMARY-  Author           Usuario
! SUMMARY-  Organization     Unknown
! SUMMARY-  Pre_Version      SwSTEP 2.0
! SUMMARY-  Orig_System      SolidWorks 2018
! SUMMARY-  Authorization    Unknown
! SUMMARY-  Schema_ID        automotive_design
! SUMMARY-   
! SUMMARY-    Summary of STEP Entities
! SUMMARY-   
! SUMMARY-  Entity Type                                                   Count
! SUMMARY-  -----------                                                   ------
! SUMMARY-  advanced_face ..............................................:     42
! SUMMARY-  application_context ........................................:      2
! SUMMARY-  axis2_placement_3d .........................................:    103
! SUMMARY-  brep_with_voids ............................................:      1
! SUMMARY-  cartesian_point ............................................:    169
! SUMMARY-  circle .....................................................:     60
! SUMMARY-  closed_shell ...............................................:      2
! SUMMARY-  cylindrical_surface ........................................:     20
! SUMMARY-  direction ..................................................:    226
! SUMMARY-  edge_curve .................................................:     80
! SUMMARY-  edge_loop ..................................................:     46
! SUMMARY-  face_bound .................................................:      4
! SUMMARY-  face_outer_bound ...........................................:     42
! SUMMARY-  geometric_representation_context_and_global_uncertainty_a ..:     13
! SUMMARY-  length_unit_and_si_unit ....................................:     13
! SUMMARY-  line .......................................................:     20
! SUMMARY-  oriented_closed_shell ......................................:      1
! SUMMARY-  oriented_edge ..............................................:    160
! SUMMARY-  plane ......................................................:      8
! SUMMARY-  plane_angle_unit_and_si_unit ...............................:     13
! SUMMARY-  product ....................................................:      1
! SUMMARY-  product_context ............................................:      1
! SUMMARY-  product_definition .........................................:      1
! SUMMARY-  product_definition_context .................................:      1
! SUMMARY-  product_definition_formation_with_specified_source .........:      1
! SUMMARY-  product_definition_shape ...................................:      1
! SUMMARY-  product_related_product_category ...........................:      1
! SUMMARY-  si_unit_and_solid_angle_unit ...............................:     13
! SUMMARY-  toroidal_surface ...........................................:     14
! SUMMARY-  uncertainty_measure_with_unit ..............................:     13
! SUMMARY-  vector .....................................................:     20
! SUMMARY-  vertex_point ...............................................:     46
! SUMMARY-                                                               -------
! SUMMARY-  Total                                                           1138
! STATUS-    
! STATUS-   Converting to Output Form (Phase 2 of 3): 30-JUN-2020 1:09:08 AM
! STATUS-    
! STATUS-    
! STATUS-   Generating UG geometry and placing them in parts
! STATUS-    
! STATUS-   Creating the UG part (Phase 3 of 3): 30-JUN-2020  1:09:08 AM
! STATUS-    
! STATUS-   Creating UG solid body from Input Ent Id 932
! STATUS-    
! STATUS-   simplifying Bsplines to analytics
! STATUS-    
! STATUS-   converting tolerant edges into exact edges
! STATUS-    
! STATUS-   doing final check of body to report any faults
! STATUS-    
! WARNING-  solid body contains fault: 13828 - RTSTSH: Inconsistent shells.
! WARNING-  solid body (Unnamed) contains faults that could not be corrected
! WARNING-   
! INFO-     Filing Part ..: C:\Users\david\OneDrive\Documents\MSG\Ballooooon\Hardware1.0\Batteries\Bateria 18650 3.7 V 1300 mAh d.18 mm.prt
! SUMMARY-   
! SUMMARY-  Summary of Unigraphics Part Entities
! SUMMARY-   
! SUMMARY-  Entities Processed             Count
! SUMMARY-  ------------------             -----
! SUMMARY-  Solid .......................:     1
! SUMMARY-                                 -----
! SUMMARY-  Total                              1
! INFO-      
! INFO-     Total number of solids input for this translation       :         1
! INFO-      
! INFO-     Number of solids created without body validation faults :         0
! INFO-      
! INFO-     Number of solids created with body validation fault(s)  :         1
! INFO-      
! INFO-     Number of solids ending up as sheet bodies              :         0
! INFO-      
! INFO-     End of Translation: 30-JUN-2020  1:09:09 AM
! INFO-      
STEP to UG
! INFO-     NX STEP AP214 - V12.0
! INFO-      
! INFO-     Start of Translation: 30-JUN-2020  1:12:15 AM
! INFO-      
! STATUS-   Converting Part: C:\Users\david\OneDrive\Documents\MSG\Ballooooon\Hardware1.0\Batteries\Bateria 18650 3.7 V 1300 mAh d.18 mm.STEP
! SUMMARY-   
! SUMMARY-    STEP Header Information
! SUMMARY-   
! SUMMARY-  Description      STEP AP214
! SUMMARY-  Imp_Level        1
! SUMMARY-  File_Name        Bateria 18650 3.7 V 1300 mAh d.18 mm.STEP
! SUMMARY-  Date             2019-09-16T20:34:09
! SUMMARY-  Author           Usuario
! SUMMARY-  Organization     Unknown
! SUMMARY-  Pre_Version      SwSTEP 2.0
! SUMMARY-  Orig_System      SolidWorks 2018
! SUMMARY-  Authorization    Unknown
! SUMMARY-  Schema_ID        automotive_design
! SUMMARY-   
! SUMMARY-    Summary of STEP Entities
! SUMMARY-   
! SUMMARY-  Entity Type                                                   Count
! SUMMARY-  -----------                                                   ------
! SUMMARY-  advanced_face ..............................................:     42
! SUMMARY-  application_context ........................................:      2
! SUMMARY-  axis2_placement_3d .........................................:    103
! SUMMARY-  brep_with_voids ............................................:      1
! SUMMARY-  cartesian_point ............................................:    169
! SUMMARY-  circle .....................................................:     60
! SUMMARY-  closed_shell ...............................................:      2
! SUMMARY-  cylindrical_surface ........................................:     20
! SUMMARY-  direction ..................................................:    226
! SUMMARY-  edge_curve .................................................:     80
! SUMMARY-  edge_loop ..................................................:     46
! SUMMARY-  face_bound .................................................:      4
! SUMMARY-  face_outer_bound ...........................................:     42
! SUMMARY-  geometric_representation_context_and_global_uncertainty_a ..:     13
! SUMMARY-  length_unit_and_si_unit ....................................:     13
! SUMMARY-  line .......................................................:     20
! SUMMARY-  oriented_closed_shell ......................................:      1
! SUMMARY-  oriented_edge ..............................................:    160
! SUMMARY-  plane ......................................................:      8
! SUMMARY-  plane_angle_unit_and_si_unit ...............................:     13
! SUMMARY-  product ....................................................:      1
! SUMMARY-  product_context ............................................:      1
! SUMMARY-  product_definition .........................................:      1
! SUMMARY-  product_definition_context .................................:      1
! SUMMARY-  product_definition_formation_with_specified_source .........:      1
! SUMMARY-  product_definition_shape ...................................:      1
! SUMMARY-  product_related_product_category ...........................:      1
! SUMMARY-  si_unit_and_solid_angle_unit ...............................:     13
! SUMMARY-  toroidal_surface ...........................................:     14
! SUMMARY-  uncertainty_measure_with_unit ..............................:     13
! SUMMARY-  vector .....................................................:     20
! SUMMARY-  vertex_point ...............................................:     46
! SUMMARY-                                                               -------
! SUMMARY-  Total                                                           1138
! STATUS-    
! STATUS-   Converting to Output Form (Phase 2 of 3): 30-JUN-2020 1:12:15 AM
! STATUS-    
! STATUS-    
! STATUS-   Generating UG geometry and placing them in parts
! STATUS-    
! STATUS-   Creating the UG part (Phase 3 of 3): 30-JUN-2020  1:12:15 AM
! STATUS-    
! STATUS-   Creating UG solid body from Input Ent Id 932
! STATUS-    
! STATUS-   simplifying Bsplines to analytics
! STATUS-    
! STATUS-   converting tolerant edges into exact edges
! STATUS-    
! STATUS-   doing final check of body to report any faults
! STATUS-    
! WARNING-  solid body contains fault: 13828 - RTSTSH: Inconsistent shells.
! WARNING-  solid body (Unnamed) contains faults that could not be corrected
! WARNING-   
! INFO-     Filing Part ..: C:\Users\david\OneDrive\Documents\MSG\Ballooooon\Hardware1.0\Batteries\Bateria 18650 3.7 V 1300 mAh d.18 mm.prt
! SUMMARY-   
! SUMMARY-  Summary of Unigraphics Part Entities
! SUMMARY-   
! SUMMARY-  Entities Processed             Count
! SUMMARY-  ------------------             -----
! SUMMARY-  Solid .......................:     1
! SUMMARY-                                 -----
! SUMMARY-  Total                              1
! INFO-      
! INFO-     Total number of solids input for this translation       :         1
! INFO-      
! INFO-     Number of solids created without body validation faults :         0
! INFO-      
! INFO-     Number of solids created with body validation fault(s)  :         1
! INFO-      
! INFO-     Number of solids ending up as sheet bodies              :         0
! INFO-      
! INFO-     End of Translation: 30-JUN-2020  1:12:16 AM
! INFO-      
