PCAD Importer Log
Project : 0484050003.LibPkg

Section : C:\Users\david\OneDrive\Documents\MSG\Ballooooon\Hardware1.0\Payload\0484050003.lia
    Section : PCB Library - 0484050003.PcbLib
        Section : Load Messages
            Warning - 1 : Skipping Token 0484050003 On Line 156
            Warning - 1 : Skipping Token attachedSymbol On Line 293
        EndSection

        Section : Import Messages
            Warning - 0 : PCAD Pattern Graphics [*MOLEX_0484050003][Primary] associated with PCAD Component [0484050003] has been renamed to PCB FootPrint [*MOLEX_0484050003_0484050003(Primary)].
        EndSection
    EndSection

    Section : SCH Library - 0484050003.SchLib
        Section : Parsing Messages
            Warning - 1 : Skipping Token padStyleDef On Line 9
            Warning - 1 : Skipping Token padStyleDef On Line 21
            Warning - 1 : Skipping Token padStyleDef On Line 33
            Warning - 1 : Skipping Token multiLayer On Line 108
            Warning - 1 : Skipping Token layerContents On Line 121
            Warning - 1 : Skipping Token layerContents On Line 130
            Warning - 1 : Skipping Token layerContents On Line 139
            Warning - 1 : Skipping Token layerContents On Line 148
        EndSection

        Section : Generating SCH Library - 0484050003.SchLib
            Warning - 0 : PCAD Pattern Graphics [*MOLEX_0484050003][Primary] associated with PCAD Component [0484050003] has been renamed to PCB FootPrint [*MOLEX_0484050003_0484050003(Primary)].
        EndSection
    EndSection
EndSection
