Importer Log Report
Project : CC112xEM.PrjPcb

Section : Import Document - C:\Users\david\Downloads\swrc221\CC112xEM.cpa
    Section : Translate component "U1"
        Use rounded pad shape for bullet shape on pad 1
        Use rounded pad shape for bullet shape on pad 10
        Use rounded pad shape for bullet shape on pad 11
        Use rounded pad shape for bullet shape on pad 12
        Use rounded pad shape for bullet shape on pad 13
        Use rounded pad shape for bullet shape on pad 14
        Use rounded pad shape for bullet shape on pad 15
        Use rounded pad shape for bullet shape on pad 16
        Use rounded pad shape for bullet shape on pad 17
        Use rounded pad shape for bullet shape on pad 18
        Use rounded pad shape for bullet shape on pad 19
        Use rounded pad shape for bullet shape on pad 2
        Use rounded pad shape for bullet shape on pad 20
        Use rounded pad shape for bullet shape on pad 21
        Use rounded pad shape for bullet shape on pad 22
        Use rounded pad shape for bullet shape on pad 23
        Use rounded pad shape for bullet shape on pad 24
        Use rounded pad shape for bullet shape on pad 25
        Use rounded pad shape for bullet shape on pad 26
        Use rounded pad shape for bullet shape on pad 27
        Use rounded pad shape for bullet shape on pad 28
        Use rounded pad shape for bullet shape on pad 29
        Use rounded pad shape for bullet shape on pad 3
        Use rounded pad shape for bullet shape on pad 30
        Use rounded pad shape for bullet shape on pad 31
        Use rounded pad shape for bullet shape on pad 32
        Use rounded pad shape for bullet shape on pad 4
        Use rounded pad shape for bullet shape on pad 5
        Use rounded pad shape for bullet shape on pad 6
        Use rounded pad shape for bullet shape on pad 7
        Use rounded pad shape for bullet shape on pad 8
        Use rounded pad shape for bullet shape on pad 9
    EndSection
EndSection
