UG to STEP
! INFO-     NX STEP AP242 - V12.0
! INFO-      
! INFO-     Start of Translation: 3-JUL-2020  6:57:55 PM
! INFO-      
! STATUS-   Converting Part: C:\Users\david\OneDrive\Documents\MSG\cOMMS\Antenna_Deployment_Deployed_V2_Rayanne\Antenna_Deployment_Deployed_V2\V3_Antenna_Deployment_Dep_step.prt
! STATUS-    
! STATUS-   Converting to Output Form (Phase 2 of 3): 3-JUL-2020 6:57:55 PM
! STATUS-    
! INFO-           Summary of STEP Entities 
! INFO-      
! INFO-     Entity Type                                                   Count 
! INFO-     -----------                                                   ------ 
! INFO-     advanced_brep_shape_representation .......................:   1 
! INFO-     advanced_face ............................................:   6 
! INFO-     application_context ......................................:   1 
! INFO-     application_protocol_definition ..........................:   1 
! INFO-     axis2_placement_3d .......................................:   40 
! INFO-     camera_model_d3 ..........................................:   16 
! INFO-     cartesian_point ..........................................:   76 
! INFO-     closed_shell .............................................:   1 
! INFO-     colour_rgb ...............................................:   1 
! INFO-     context_dependent_shape_representation ...................:   1 
! INFO-     direction ................................................:   60 
! INFO-     draughting_model .........................................:   17 
! INFO-     edge_curve ...............................................:   12 
! INFO-     edge_loop ................................................:   6 
! INFO-     face_bound ...............................................:   6 
! INFO-     fill_area_style ..........................................:   1 
! INFO-     fill_area_style_colour ...................................:   1 
! INFO-     geometric_representation_context_and_global_uncertainty_a :   2 
! INFO-     item_defined_transformation ..............................:   1 
! INFO-     length_unit_and_si_unit ..................................:   1 
! INFO-     line .....................................................:   12 
! INFO-     manifold_solid_brep ......................................:   1 
! INFO-     mapped_item ..............................................:   17 
! INFO-     mechanical_design_and_draughting_relationship ............:   16 
! INFO-     mechanical_design_geometric_presentation_representation ..:   1 
! INFO-     next_assembly_usage_occurrence ...........................:   1 
! INFO-     oriented_edge ............................................:   24 
! INFO-     planar_box ...............................................:   16 
! INFO-     plane ....................................................:   6 
! INFO-     plane_angle_unit_and_si_unit .............................:   1 
! INFO-     presentation_style_assignment ............................:   1 
! INFO-     product ..................................................:   2 
! INFO-     product_category .........................................:   2 
! INFO-     product_context ..........................................:   2 
! INFO-     product_definition .......................................:   2 
! INFO-     product_definition_context ...............................:   2 
! INFO-     product_definition_formation_with_specified_source .......:   2 
! INFO-     product_definition_shape .................................:   3 
! INFO-     product_related_product_category .........................:   2 
! INFO-     representation_map .......................................:   17 
! INFO-     representation_relationship_with_transformation_and_shape :   1 
! INFO-     shape_definition_representation ..........................:   2 
! INFO-     shape_representation .....................................:   2 
! INFO-     shape_representation_relationship ........................:   1 
! INFO-     si_unit_and_solid_angle_unit .............................:   1 
! INFO-     styled_item ..............................................:   1 
! INFO-     surface_side_style .......................................:   1 
! INFO-     surface_style_fill_area ..................................:   1 
! INFO-     surface_style_usage ......................................:   1 
! INFO-     uncertainty_measure_with_unit ............................:   2 
! INFO-     vector ...................................................:   12 
! INFO-     vertex_point .............................................:   8 
! INFO-     view_volume ..............................................:   16 
! INFO-                                                                  ------- 
! INFO-     Total                                                         430 
! INFO-      
! INFO-     End of Translation: 3-JUL-2020  6:57:56 PM
! INFO-      
